<?xml version="1.0" encoding="UTF-8"?>
<testsuite xmlns:xsi="http://www.w3.org/2001/XMLSchema-instance" xsi:noNamespaceSchemaLocation="https://maven.apache.org/surefire/maven-surefire-plugin/xsd/surefire-test-report.xsd" name="com.dhcc.ict.manage.questionbank.QuestionBankApplicationTest" time="0.051" tests="1" errors="0" skipped="0" failures="0">
  <properties>
    <property name="sun.desktop" value="windows"/>
    <property name="awt.toolkit" value="sun.awt.windows.WToolkit"/>
    <property name="file.encoding.pkg" value="sun.io"/>
    <property name="java.specification.version" value="1.8"/>
    <property name="sun.cpu.isalist" value="amd64"/>
    <property name="sun.jnu.encoding" value="GBK"/>
    <property name="java.class.path" value="F:\MyWorkSpace\eclipse-workspace2\ict-manage\ict-manage-questionbank\target\test-classes;F:\MyWorkSpace\eclipse-workspace2\ict-manage\ict-manage-questionbank\target\classes;F:\MyWorkSpace\mavenspace\bos_repository\junit\junit\4.11\junit-4.11.jar;F:\MyWorkSpace\mavenspace\bos_repository\org\hamcrest\hamcrest-core\1.3\hamcrest-core-1.3.jar;F:\MyWorkSpace\mavenspace\bos_repository\org\springframework\boot\spring-boot-starter-web\1.5.18.RELEASE\spring-boot-starter-web-1.5.18.RELEASE.jar;F:\MyWorkSpace\mavenspace\bos_repository\org\springframework\boot\spring-boot-starter\1.5.18.RELEASE\spring-boot-starter-1.5.18.RELEASE.jar;F:\MyWorkSpace\mavenspace\bos_repository\org\springframework\boot\spring-boot-starter-logging\1.5.18.RELEASE\spring-boot-starter-logging-1.5.18.RELEASE.jar;F:\MyWorkSpace\mavenspace\bos_repository\ch\qos\logback\logback-classic\1.1.11\logback-classic-1.1.11.jar;F:\MyWorkSpace\mavenspace\bos_repository\ch\qos\logback\logback-core\1.1.11\logback-core-1.1.11.jar;F:\MyWorkSpace\mavenspace\bos_repository\org\slf4j\jcl-over-slf4j\1.7.25\jcl-over-slf4j-1.7.25.jar;F:\MyWorkSpace\mavenspace\bos_repository\org\slf4j\jul-to-slf4j\1.7.25\jul-to-slf4j-1.7.25.jar;F:\MyWorkSpace\mavenspace\bos_repository\org\slf4j\log4j-over-slf4j\1.7.25\log4j-over-slf4j-1.7.25.jar;F:\MyWorkSpace\mavenspace\bos_repository\org\yaml\snakeyaml\1.17\snakeyaml-1.17.jar;F:\MyWorkSpace\mavenspace\bos_repository\org\springframework\boot\spring-boot-starter-tomcat\1.5.18.RELEASE\spring-boot-starter-tomcat-1.5.18.RELEASE.jar;F:\MyWorkSpace\mavenspace\bos_repository\org\apache\tomcat\embed\tomcat-embed-core\8.5.35\tomcat-embed-core-8.5.35.jar;F:\MyWorkSpace\mavenspace\bos_repository\org\apache\tomcat\tomcat-annotations-api\8.5.35\tomcat-annotations-api-8.5.35.jar;F:\MyWorkSpace\mavenspace\bos_repository\org\apache\tomcat\embed\tomcat-embed-el\8.5.35\tomcat-embed-el-8.5.35.jar;F:\MyWorkSpace\mavenspace\bos_repository\org\apache\tomcat\embed\tomcat-embed-websocket\8.5.35\tomcat-embed-websocket-8.5.35.jar;F:\MyWorkSpace\mavenspace\bos_repository\org\hibernate\hibernate-validator\5.3.6.Final\hibernate-validator-5.3.6.Final.jar;F:\MyWorkSpace\mavenspace\bos_repository\javax\validation\validation-api\1.1.0.Final\validation-api-1.1.0.Final.jar;F:\MyWorkSpace\mavenspace\bos_repository\org\jboss\logging\jboss-logging\3.3.2.Final\jboss-logging-3.3.2.Final.jar;F:\MyWorkSpace\mavenspace\bos_repository\com\fasterxml\classmate\1.3.4\classmate-1.3.4.jar;F:\MyWorkSpace\mavenspace\bos_repository\com\fasterxml\jackson\core\jackson-databind\2.8.11.3\jackson-databind-2.8.11.3.jar;F:\MyWorkSpace\mavenspace\bos_repository\com\fasterxml\jackson\core\jackson-annotations\2.8.0\jackson-annotations-2.8.0.jar;F:\MyWorkSpace\mavenspace\bos_repository\com\fasterxml\jackson\core\jackson-core\2.8.11\jackson-core-2.8.11.jar;F:\MyWorkSpace\mavenspace\bos_repository\org\springframework\spring-web\4.3.21.RELEASE\spring-web-4.3.21.RELEASE.jar;F:\MyWorkSpace\mavenspace\bos_repository\org\springframework\spring-aop\4.3.21.RELEASE\spring-aop-4.3.21.RELEASE.jar;F:\MyWorkSpace\mavenspace\bos_repository\org\springframework\spring-beans\4.3.21.RELEASE\spring-beans-4.3.21.RELEASE.jar;F:\MyWorkSpace\mavenspace\bos_repository\org\springframework\spring-context\4.3.21.RELEASE\spring-context-4.3.21.RELEASE.jar;F:\MyWorkSpace\mavenspace\bos_repository\org\springframework\spring-webmvc\4.3.21.RELEASE\spring-webmvc-4.3.21.RELEASE.jar;F:\MyWorkSpace\mavenspace\bos_repository\org\springframework\spring-expression\4.3.21.RELEASE\spring-expression-4.3.21.RELEASE.jar;F:\MyWorkSpace\mavenspace\bos_repository\org\springframework\cloud\spring-cloud-starter-netflix-eureka-server\1.4.6.RELEASE\spring-cloud-starter-netflix-eureka-server-1.4.6.RELEASE.jar;F:\MyWorkSpace\mavenspace\bos_repository\org\springframework\cloud\spring-cloud-starter\1.3.5.RELEASE\spring-cloud-starter-1.3.5.RELEASE.jar;F:\MyWorkSpace\mavenspace\bos_repository\org\springframework\cloud\spring-cloud-context\1.3.5.RELEASE\spring-cloud-context-1.3.5.RELEASE.jar;F:\MyWorkSpace\mavenspace\bos_repository\org\springframework\security\spring-security-crypto\4.2.10.RELEASE\spring-security-crypto-4.2.10.RELEASE.jar;F:\MyWorkSpace\mavenspace\bos_repository\org\springframework\cloud\spring-cloud-commons\1.3.5.RELEASE\spring-cloud-commons-1.3.5.RELEASE.jar;F:\MyWorkSpace\mavenspace\bos_repository\org\apache\httpcomponents\httpclient\4.5.6\httpclient-4.5.6.jar;F:\MyWorkSpace\mavenspace\bos_repository\org\apache\httpcomponents\httpcore\4.4.10\httpcore-4.4.10.jar;F:\MyWorkSpace\mavenspace\bos_repository\commons-codec\commons-codec\1.10\commons-codec-1.10.jar;F:\MyWorkSpace\mavenspace\bos_repository\org\springframework\security\spring-security-rsa\1.0.3.RELEASE\spring-security-rsa-1.0.3.RELEASE.jar;F:\MyWorkSpace\mavenspace\bos_repository\org\bouncycastle\bcpkix-jdk15on\1.55\bcpkix-jdk15on-1.55.jar;F:\MyWorkSpace\mavenspace\bos_repository\org\bouncycastle\bcprov-jdk15on\1.55\bcprov-jdk15on-1.55.jar;F:\MyWorkSpace\mavenspace\bos_repository\org\springframework\cloud\spring-cloud-netflix-eureka-server\1.4.6.RELEASE\spring-cloud-netflix-eureka-server-1.4.6.RELEASE.jar;F:\MyWorkSpace\mavenspace\bos_repository\org\springframework\boot\spring-boot-starter-freemarker\1.5.18.RELEASE\spring-boot-starter-freemarker-1.5.18.RELEASE.jar;F:\MyWorkSpace\mavenspace\bos_repository\org\freemarker\freemarker\2.3.28\freemarker-2.3.28.jar;F:\MyWorkSpace\mavenspace\bos_repository\org\springframework\spring-context-support\4.3.21.RELEASE\spring-context-support-4.3.21.RELEASE.jar;F:\MyWorkSpace\mavenspace\bos_repository\org\springframework\cloud\spring-cloud-netflix-core\1.4.6.RELEASE\spring-cloud-netflix-core-1.4.6.RELEASE.jar;F:\MyWorkSpace\mavenspace\bos_repository\org\springframework\cloud\spring-cloud-netflix-eureka-client\1.4.6.RELEASE\spring-cloud-netflix-eureka-client-1.4.6.RELEASE.jar;F:\MyWorkSpace\mavenspace\bos_repository\com\netflix\eureka\eureka-client\1.7.2\eureka-client-1.7.2.jar;F:\MyWorkSpace\mavenspace\bos_repository\org\codehaus\jettison\jettison\1.3.7\jettison-1.3.7.jar;F:\MyWorkSpace\mavenspace\bos_repository\stax\stax-api\1.0.1\stax-api-1.0.1.jar;F:\MyWorkSpace\mavenspace\bos_repository\com\netflix\netflix-commons\netflix-eventbus\0.3.0\netflix-eventbus-0.3.0.jar;F:\MyWorkSpace\mavenspace\bos_repository\com\netflix\netflix-commons\netflix-infix\0.3.0\netflix-infix-0.3.0.jar;F:\MyWorkSpace\mavenspace\bos_repository\commons-jxpath\commons-jxpath\1.3\commons-jxpath-1.3.jar;F:\MyWorkSpace\mavenspace\bos_repository\joda-time\joda-time\2.9.9\joda-time-2.9.9.jar;F:\MyWorkSpace\mavenspace\bos_repository\org\antlr\antlr-runtime\3.4\antlr-runtime-3.4.jar;F:\MyWorkSpace\mavenspace\bos_repository\org\antlr\stringtemplate\3.2.1\stringtemplate-3.2.1.jar;F:\MyWorkSpace\mavenspace\bos_repository\antlr\antlr\2.7.7\antlr-2.7.7.jar;F:\MyWorkSpace\mavenspace\bos_repository\com\google\code\gson\gson\2.8.5\gson-2.8.5.jar;F:\MyWorkSpace\mavenspace\bos_repository\org\apache\commons\commons-math\2.2\commons-math-2.2.jar;F:\MyWorkSpace\mavenspace\bos_repository\javax\ws\rs\jsr311-api\1.1.1\jsr311-api-1.1.1.jar;F:\MyWorkSpace\mavenspace\bos_repository\com\netflix\servo\servo-core\0.10.1\servo-core-0.10.1.jar;F:\MyWorkSpace\mavenspace\bos_repository\com\netflix\servo\servo-internal\0.10.1\servo-internal-0.10.1.jar;F:\MyWorkSpace\mavenspace\bos_repository\com\sun\jersey\jersey-core\1.19.1\jersey-core-1.19.1.jar;F:\MyWorkSpace\mavenspace\bos_repository\com\sun\jersey\jersey-client\1.19.1\jersey-client-1.19.1.jar;F:\MyWorkSpace\mavenspace\bos_repository\com\sun\jersey\contribs\jersey-apache-client4\1.19.1\jersey-apache-client4-1.19.1.jar;F:\MyWorkSpace\mavenspace\bos_repository\com\google\inject\guice\4.1.0\guice-4.1.0.jar;F:\MyWorkSpace\mavenspace\bos_repository\aopalliance\aopalliance\1.0\aopalliance-1.0.jar;F:\MyWorkSpace\mavenspace\bos_repository\com\sun\jersey\jersey-servlet\1.19.1\jersey-servlet-1.19.1.jar;F:\MyWorkSpace\mavenspace\bos_repository\com\sun\jersey\jersey-server\1.19.1\jersey-server-1.19.1.jar;F:\MyWorkSpace\mavenspace\bos_repository\com\netflix\eureka\eureka-core\1.7.2\eureka-core-1.7.2.jar;F:\MyWorkSpace\mavenspace\bos_repository\org\codehaus\woodstox\woodstox-core-asl\4.4.1\woodstox-core-asl-4.4.1.jar;F:\MyWorkSpace\mavenspace\bos_repository\javax\xml\stream\stax-api\1.0-2\stax-api-1.0-2.jar;F:\MyWorkSpace\mavenspace\bos_repository\com\netflix\archaius\archaius-core\0.7.4\archaius-core-0.7.4.jar;F:\MyWorkSpace\mavenspace\bos_repository\com\google\code\findbugs\jsr305\3.0.1\jsr305-3.0.1.jar;F:\MyWorkSpace\mavenspace\bos_repository\javax\inject\javax.inject\1\javax.inject-1.jar;F:\MyWorkSpace\mavenspace\bos_repository\com\fasterxml\jackson\dataformat\jackson-dataformat-xml\2.8.11\jackson-dataformat-xml-2.8.11.jar;F:\MyWorkSpace\mavenspace\bos_repository\com\fasterxml\jackson\module\jackson-module-jaxb-annotations\2.8.11\jackson-module-jaxb-annotations-2.8.11.jar;F:\MyWorkSpace\mavenspace\bos_repository\org\codehaus\woodstox\stax2-api\3.1.4\stax2-api-3.1.4.jar;F:\MyWorkSpace\mavenspace\bos_repository\com\fasterxml\woodstox\woodstox-core\5.0.3\woodstox-core-5.0.3.jar;F:\MyWorkSpace\mavenspace\bos_repository\com\thoughtworks\xstream\xstream\1.4.10\xstream-1.4.10.jar;F:\MyWorkSpace\mavenspace\bos_repository\xmlpull\xmlpull\1.1.3.1\xmlpull-1.1.3.1.jar;F:\MyWorkSpace\mavenspace\bos_repository\xpp3\xpp3_min\1.1.4c\xpp3_min-1.1.4c.jar;F:\MyWorkSpace\mavenspace\bos_repository\org\springframework\cloud\spring-cloud-starter-netflix-archaius\1.4.6.RELEASE\spring-cloud-starter-netflix-archaius-1.4.6.RELEASE.jar;F:\MyWorkSpace\mavenspace\bos_repository\commons-configuration\commons-configuration\1.8\commons-configuration-1.8.jar;F:\MyWorkSpace\mavenspace\bos_repository\commons-lang\commons-lang\2.6\commons-lang-2.6.jar;F:\MyWorkSpace\mavenspace\bos_repository\com\google\guava\guava\18.0\guava-18.0.jar;F:\MyWorkSpace\mavenspace\bos_repository\org\springframework\cloud\spring-cloud-starter-netflix-ribbon\1.4.6.RELEASE\spring-cloud-starter-netflix-ribbon-1.4.6.RELEASE.jar;F:\MyWorkSpace\mavenspace\bos_repository\com\netflix\ribbon\ribbon\2.2.5\ribbon-2.2.5.jar;F:\MyWorkSpace\mavenspace\bos_repository\com\netflix\ribbon\ribbon-transport\2.2.5\ribbon-transport-2.2.5.jar;F:\MyWorkSpace\mavenspace\bos_repository\io\reactivex\rxnetty-contexts\0.4.9\rxnetty-contexts-0.4.9.jar;F:\MyWorkSpace\mavenspace\bos_repository\io\reactivex\rxnetty-servo\0.4.9\rxnetty-servo-0.4.9.jar;F:\MyWorkSpace\mavenspace\bos_repository\io\reactivex\rxnetty\0.4.9\rxnetty-0.4.9.jar;F:\MyWorkSpace\mavenspace\bos_repository\com\netflix\ribbon\ribbon-core\2.2.5\ribbon-core-2.2.5.jar;F:\MyWorkSpace\mavenspace\bos_repository\com\netflix\ribbon\ribbon-httpclient\2.2.5\ribbon-httpclient-2.2.5.jar;F:\MyWorkSpace\mavenspace\bos_repository\commons-collections\commons-collections\3.2.2\commons-collections-3.2.2.jar;F:\MyWorkSpace\mavenspace\bos_repository\com\netflix\netflix-commons\netflix-commons-util\0.1.1\netflix-commons-util-0.1.1.jar;F:\MyWorkSpace\mavenspace\bos_repository\com\netflix\ribbon\ribbon-loadbalancer\2.2.5\ribbon-loadbalancer-2.2.5.jar;F:\MyWorkSpace\mavenspace\bos_repository\com\netflix\netflix-commons\netflix-statistics\0.1.1\netflix-statistics-0.1.1.jar;F:\MyWorkSpace\mavenspace\bos_repository\io\reactivex\rxjava\1.2.0\rxjava-1.2.0.jar;F:\MyWorkSpace\mavenspace\bos_repository\com\netflix\ribbon\ribbon-eureka\2.2.5\ribbon-eureka-2.2.5.jar;F:\MyWorkSpace\mavenspace\bos_repository\org\slf4j\slf4j-api\1.7.25\slf4j-api-1.7.25.jar;F:\MyWorkSpace\mavenspace\bos_repository\org\springframework\boot\spring-boot-devtools\1.5.18.RELEASE\spring-boot-devtools-1.5.18.RELEASE.jar;F:\MyWorkSpace\mavenspace\bos_repository\org\springframework\boot\spring-boot\1.5.18.RELEASE\spring-boot-1.5.18.RELEASE.jar;F:\MyWorkSpace\mavenspace\bos_repository\org\springframework\boot\spring-boot-autoconfigure\1.5.18.RELEASE\spring-boot-autoconfigure-1.5.18.RELEASE.jar;F:\MyWorkSpace\mavenspace\bos_repository\org\springframework\boot\spring-boot-starter-test\1.5.18.RELEASE\spring-boot-starter-test-1.5.18.RELEASE.jar;F:\MyWorkSpace\mavenspace\bos_repository\org\springframework\boot\spring-boot-test\1.5.18.RELEASE\spring-boot-test-1.5.18.RELEASE.jar;F:\MyWorkSpace\mavenspace\bos_repository\org\springframework\boot\spring-boot-test-autoconfigure\1.5.18.RELEASE\spring-boot-test-autoconfigure-1.5.18.RELEASE.jar;F:\MyWorkSpace\mavenspace\bos_repository\com\jayway\jsonpath\json-path\2.2.0\json-path-2.2.0.jar;F:\MyWorkSpace\mavenspace\bos_repository\net\minidev\json-smart\2.2.1\json-smart-2.2.1.jar;F:\MyWorkSpace\mavenspace\bos_repository\net\minidev\accessors-smart\1.1\accessors-smart-1.1.jar;F:\MyWorkSpace\mavenspace\bos_repository\org\assertj\assertj-core\2.6.0\assertj-core-2.6.0.jar;F:\MyWorkSpace\mavenspace\bos_repository\org\mockito\mockito-core\1.10.19\mockito-core-1.10.19.jar;F:\MyWorkSpace\mavenspace\bos_repository\org\objenesis\objenesis\2.1\objenesis-2.1.jar;F:\MyWorkSpace\mavenspace\bos_repository\org\hamcrest\hamcrest-library\1.3\hamcrest-library-1.3.jar;F:\MyWorkSpace\mavenspace\bos_repository\org\skyscreamer\jsonassert\1.4.0\jsonassert-1.4.0.jar;F:\MyWorkSpace\mavenspace\bos_repository\com\vaadin\external\google\android-json\0.0.20131108.vaadin1\android-json-0.0.20131108.vaadin1.jar;F:\MyWorkSpace\mavenspace\bos_repository\org\springframework\spring-core\4.3.21.RELEASE\spring-core-4.3.21.RELEASE.jar;F:\MyWorkSpace\mavenspace\bos_repository\org\springframework\spring-test\4.3.21.RELEASE\spring-test-4.3.21.RELEASE.jar;F:\MyWorkSpace\mavenspace\bos_repository\org\mybatis\spring\boot\mybatis-spring-boot-starter\1.3.2\mybatis-spring-boot-starter-1.3.2.jar;F:\MyWorkSpace\mavenspace\bos_repository\org\springframework\boot\spring-boot-starter-jdbc\1.5.18.RELEASE\spring-boot-starter-jdbc-1.5.18.RELEASE.jar;F:\MyWorkSpace\mavenspace\bos_repository\org\apache\tomcat\tomcat-jdbc\8.5.35\tomcat-jdbc-8.5.35.jar;F:\MyWorkSpace\mavenspace\bos_repository\org\apache\tomcat\tomcat-juli\8.5.35\tomcat-juli-8.5.35.jar;F:\MyWorkSpace\mavenspace\bos_repository\org\springframework\spring-jdbc\4.3.21.RELEASE\spring-jdbc-4.3.21.RELEASE.jar;F:\MyWorkSpace\mavenspace\bos_repository\org\springframework\spring-tx\4.3.21.RELEASE\spring-tx-4.3.21.RELEASE.jar;F:\MyWorkSpace\mavenspace\bos_repository\org\mybatis\spring\boot\mybatis-spring-boot-autoconfigure\1.3.2\mybatis-spring-boot-autoconfigure-1.3.2.jar;F:\MyWorkSpace\mavenspace\bos_repository\org\mybatis\mybatis\3.4.6\mybatis-3.4.6.jar;F:\MyWorkSpace\mavenspace\bos_repository\org\mybatis\mybatis-spring\1.3.2\mybatis-spring-1.3.2.jar;F:\MyWorkSpace\mavenspace\bos_repository\mysql\mysql-connector-java\5.1.47\mysql-connector-java-5.1.47.jar;F:\MyWorkSpace\mavenspace\bos_repository\com\alibaba\druid\1.1.10\druid-1.1.10.jar;F:\MyWorkSpace\mavenspace\bos_repository\org\springframework\cloud\spring-cloud-starter-hystrix\1.4.6.RELEASE\spring-cloud-starter-hystrix-1.4.6.RELEASE.jar;F:\MyWorkSpace\mavenspace\bos_repository\org\springframework\cloud\spring-cloud-starter-netflix-hystrix\1.4.6.RELEASE\spring-cloud-starter-netflix-hystrix-1.4.6.RELEASE.jar;F:\MyWorkSpace\mavenspace\bos_repository\com\netflix\hystrix\hystrix-core\1.5.12\hystrix-core-1.5.12.jar;F:\MyWorkSpace\mavenspace\bos_repository\org\hdrhistogram\HdrHistogram\2.1.9\HdrHistogram-2.1.9.jar;F:\MyWorkSpace\mavenspace\bos_repository\com\netflix\hystrix\hystrix-metrics-event-stream\1.5.12\hystrix-metrics-event-stream-1.5.12.jar;F:\MyWorkSpace\mavenspace\bos_repository\com\netflix\hystrix\hystrix-serialization\1.5.12\hystrix-serialization-1.5.12.jar;F:\MyWorkSpace\mavenspace\bos_repository\com\fasterxml\jackson\module\jackson-module-afterburner\2.8.11\jackson-module-afterburner-2.8.11.jar;F:\MyWorkSpace\mavenspace\bos_repository\com\netflix\hystrix\hystrix-javanica\1.5.12\hystrix-javanica-1.5.12.jar;F:\MyWorkSpace\mavenspace\bos_repository\org\ow2\asm\asm\5.0.4\asm-5.0.4.jar;F:\MyWorkSpace\mavenspace\bos_repository\org\aspectj\aspectjweaver\1.8.13\aspectjweaver-1.8.13.jar;F:\MyWorkSpace\mavenspace\bos_repository\org\springframework\cloud\spring-cloud-starter-hystrix-dashboard\1.4.6.RELEASE\spring-cloud-starter-hystrix-dashboard-1.4.6.RELEASE.jar;F:\MyWorkSpace\mavenspace\bos_repository\org\springframework\cloud\spring-cloud-starter-netflix-hystrix-dashboard\1.4.6.RELEASE\spring-cloud-starter-netflix-hystrix-dashboard-1.4.6.RELEASE.jar;F:\MyWorkSpace\mavenspace\bos_repository\org\springframework\cloud\spring-cloud-netflix-hystrix-dashboard\1.4.6.RELEASE\spring-cloud-netflix-hystrix-dashboard-1.4.6.RELEASE.jar;F:\MyWorkSpace\mavenspace\bos_repository\org\webjars\jquery\2.1.1\jquery-2.1.1.jar;F:\MyWorkSpace\mavenspace\bos_repository\org\webjars\d3js\3.4.11\d3js-3.4.11.jar;F:\MyWorkSpace\mavenspace\bos_repository\org\springframework\boot\spring-boot-starter-actuator\1.5.18.RELEASE\spring-boot-starter-actuator-1.5.18.RELEASE.jar;F:\MyWorkSpace\mavenspace\bos_repository\org\springframework\boot\spring-boot-actuator\1.5.18.RELEASE\spring-boot-actuator-1.5.18.RELEASE.jar;F:\MyWorkSpace\mavenspace\bos_repository\org\apache\commons\commons-lang3\3.6\commons-lang3-3.6.jar;F:\MyWorkSpace\mavenspace\bos_repository\org\springframework\boot\spring-boot-starter-thymeleaf\1.5.18.RELEASE\spring-boot-starter-thymeleaf-1.5.18.RELEASE.jar;F:\MyWorkSpace\mavenspace\bos_repository\org\thymeleaf\thymeleaf-spring4\3.0.7.RELEASE\thymeleaf-spring4-3.0.7.RELEASE.jar;F:\MyWorkSpace\mavenspace\bos_repository\org\thymeleaf\thymeleaf\3.0.7.RELEASE\thymeleaf-3.0.7.RELEASE.jar;F:\MyWorkSpace\mavenspace\bos_repository\org\attoparser\attoparser\2.0.4.RELEASE\attoparser-2.0.4.RELEASE.jar;F:\MyWorkSpace\mavenspace\bos_repository\org\unbescape\unbescape\1.1.5.RELEASE\unbescape-1.1.5.RELEASE.jar;F:\MyWorkSpace\mavenspace\bos_repository\nz\net\ultraq\thymeleaf\thymeleaf-layout-dialect\2.2.2\thymeleaf-layout-dialect-2.2.2.jar;F:\MyWorkSpace\mavenspace\bos_repository\nz\net\ultraq\thymeleaf\thymeleaf-expression-processor\1.1.3\thymeleaf-expression-processor-1.1.3.jar;F:\MyWorkSpace\mavenspace\bos_repository\org\codehaus\groovy\groovy\2.4.15\groovy-2.4.15.jar;"/>
    <property name="java.vm.vendor" value="Oracle Corporation"/>
    <property name="sun.arch.data.model" value="64"/>
    <property name="user.variant" value=""/>
    <property name="java.vendor.url" value="http://java.oracle.com/"/>
    <property name="user.timezone" value=""/>
    <property name="java.vm.specification.version" value="1.8"/>
    <property name="os.name" value="Windows 7"/>
    <property name="user.country" value="CN"/>
    <property name="sun.java.launcher" value="SUN_STANDARD"/>
    <property name="sun.boot.library.path" value="D:\java\jdk1.8.0_121\jre\bin"/>
    <property name="sun.java.command" value="C:\Users\Cy\AppData\Local\Temp\surefire4908858420255644734\surefirebooter1524441044768485306.jar C:\Users\Cy\AppData\Local\Temp\surefire4908858420255644734 2018-12-18T20-09-55_597-jvmRun1 surefire9204517664495802013tmp surefire_43759412041456453463tmp"/>
    <property name="surefire.test.class.path" value="F:\MyWorkSpace\eclipse-workspace2\ict-manage\ict-manage-questionbank\target\test-classes;F:\MyWorkSpace\eclipse-workspace2\ict-manage\ict-manage-questionbank\target\classes;F:\MyWorkSpace\mavenspace\bos_repository\junit\junit\4.11\junit-4.11.jar;F:\MyWorkSpace\mavenspace\bos_repository\org\hamcrest\hamcrest-core\1.3\hamcrest-core-1.3.jar;F:\MyWorkSpace\mavenspace\bos_repository\org\springframework\boot\spring-boot-starter-web\1.5.18.RELEASE\spring-boot-starter-web-1.5.18.RELEASE.jar;F:\MyWorkSpace\mavenspace\bos_repository\org\springframework\boot\spring-boot-starter\1.5.18.RELEASE\spring-boot-starter-1.5.18.RELEASE.jar;F:\MyWorkSpace\mavenspace\bos_repository\org\springframework\boot\spring-boot-starter-logging\1.5.18.RELEASE\spring-boot-starter-logging-1.5.18.RELEASE.jar;F:\MyWorkSpace\mavenspace\bos_repository\ch\qos\logback\logback-classic\1.1.11\logback-classic-1.1.11.jar;F:\MyWorkSpace\mavenspace\bos_repository\ch\qos\logback\logback-core\1.1.11\logback-core-1.1.11.jar;F:\MyWorkSpace\mavenspace\bos_repository\org\slf4j\jcl-over-slf4j\1.7.25\jcl-over-slf4j-1.7.25.jar;F:\MyWorkSpace\mavenspace\bos_repository\org\slf4j\jul-to-slf4j\1.7.25\jul-to-slf4j-1.7.25.jar;F:\MyWorkSpace\mavenspace\bos_repository\org\slf4j\log4j-over-slf4j\1.7.25\log4j-over-slf4j-1.7.25.jar;F:\MyWorkSpace\mavenspace\bos_repository\org\yaml\snakeyaml\1.17\snakeyaml-1.17.jar;F:\MyWorkSpace\mavenspace\bos_repository\org\springframework\boot\spring-boot-starter-tomcat\1.5.18.RELEASE\spring-boot-starter-tomcat-1.5.18.RELEASE.jar;F:\MyWorkSpace\mavenspace\bos_repository\org\apache\tomcat\embed\tomcat-embed-core\8.5.35\tomcat-embed-core-8.5.35.jar;F:\MyWorkSpace\mavenspace\bos_repository\org\apache\tomcat\tomcat-annotations-api\8.5.35\tomcat-annotations-api-8.5.35.jar;F:\MyWorkSpace\mavenspace\bos_repository\org\apache\tomcat\embed\tomcat-embed-el\8.5.35\tomcat-embed-el-8.5.35.jar;F:\MyWorkSpace\mavenspace\bos_repository\org\apache\tomcat\embed\tomcat-embed-websocket\8.5.35\tomcat-embed-websocket-8.5.35.jar;F:\MyWorkSpace\mavenspace\bos_repository\org\hibernate\hibernate-validator\5.3.6.Final\hibernate-validator-5.3.6.Final.jar;F:\MyWorkSpace\mavenspace\bos_repository\javax\validation\validation-api\1.1.0.Final\validation-api-1.1.0.Final.jar;F:\MyWorkSpace\mavenspace\bos_repository\org\jboss\logging\jboss-logging\3.3.2.Final\jboss-logging-3.3.2.Final.jar;F:\MyWorkSpace\mavenspace\bos_repository\com\fasterxml\classmate\1.3.4\classmate-1.3.4.jar;F:\MyWorkSpace\mavenspace\bos_repository\com\fasterxml\jackson\core\jackson-databind\2.8.11.3\jackson-databind-2.8.11.3.jar;F:\MyWorkSpace\mavenspace\bos_repository\com\fasterxml\jackson\core\jackson-annotations\2.8.0\jackson-annotations-2.8.0.jar;F:\MyWorkSpace\mavenspace\bos_repository\com\fasterxml\jackson\core\jackson-core\2.8.11\jackson-core-2.8.11.jar;F:\MyWorkSpace\mavenspace\bos_repository\org\springframework\spring-web\4.3.21.RELEASE\spring-web-4.3.21.RELEASE.jar;F:\MyWorkSpace\mavenspace\bos_repository\org\springframework\spring-aop\4.3.21.RELEASE\spring-aop-4.3.21.RELEASE.jar;F:\MyWorkSpace\mavenspace\bos_repository\org\springframework\spring-beans\4.3.21.RELEASE\spring-beans-4.3.21.RELEASE.jar;F:\MyWorkSpace\mavenspace\bos_repository\org\springframework\spring-context\4.3.21.RELEASE\spring-context-4.3.21.RELEASE.jar;F:\MyWorkSpace\mavenspace\bos_repository\org\springframework\spring-webmvc\4.3.21.RELEASE\spring-webmvc-4.3.21.RELEASE.jar;F:\MyWorkSpace\mavenspace\bos_repository\org\springframework\spring-expression\4.3.21.RELEASE\spring-expression-4.3.21.RELEASE.jar;F:\MyWorkSpace\mavenspace\bos_repository\org\springframework\cloud\spring-cloud-starter-netflix-eureka-server\1.4.6.RELEASE\spring-cloud-starter-netflix-eureka-server-1.4.6.RELEASE.jar;F:\MyWorkSpace\mavenspace\bos_repository\org\springframework\cloud\spring-cloud-starter\1.3.5.RELEASE\spring-cloud-starter-1.3.5.RELEASE.jar;F:\MyWorkSpace\mavenspace\bos_repository\org\springframework\cloud\spring-cloud-context\1.3.5.RELEASE\spring-cloud-context-1.3.5.RELEASE.jar;F:\MyWorkSpace\mavenspace\bos_repository\org\springframework\security\spring-security-crypto\4.2.10.RELEASE\spring-security-crypto-4.2.10.RELEASE.jar;F:\MyWorkSpace\mavenspace\bos_repository\org\springframework\cloud\spring-cloud-commons\1.3.5.RELEASE\spring-cloud-commons-1.3.5.RELEASE.jar;F:\MyWorkSpace\mavenspace\bos_repository\org\apache\httpcomponents\httpclient\4.5.6\httpclient-4.5.6.jar;F:\MyWorkSpace\mavenspace\bos_repository\org\apache\httpcomponents\httpcore\4.4.10\httpcore-4.4.10.jar;F:\MyWorkSpace\mavenspace\bos_repository\commons-codec\commons-codec\1.10\commons-codec-1.10.jar;F:\MyWorkSpace\mavenspace\bos_repository\org\springframework\security\spring-security-rsa\1.0.3.RELEASE\spring-security-rsa-1.0.3.RELEASE.jar;F:\MyWorkSpace\mavenspace\bos_repository\org\bouncycastle\bcpkix-jdk15on\1.55\bcpkix-jdk15on-1.55.jar;F:\MyWorkSpace\mavenspace\bos_repository\org\bouncycastle\bcprov-jdk15on\1.55\bcprov-jdk15on-1.55.jar;F:\MyWorkSpace\mavenspace\bos_repository\org\springframework\cloud\spring-cloud-netflix-eureka-server\1.4.6.RELEASE\spring-cloud-netflix-eureka-server-1.4.6.RELEASE.jar;F:\MyWorkSpace\mavenspace\bos_repository\org\springframework\boot\spring-boot-starter-freemarker\1.5.18.RELEASE\spring-boot-starter-freemarker-1.5.18.RELEASE.jar;F:\MyWorkSpace\mavenspace\bos_repository\org\freemarker\freemarker\2.3.28\freemarker-2.3.28.jar;F:\MyWorkSpace\mavenspace\bos_repository\org\springframework\spring-context-support\4.3.21.RELEASE\spring-context-support-4.3.21.RELEASE.jar;F:\MyWorkSpace\mavenspace\bos_repository\org\springframework\cloud\spring-cloud-netflix-core\1.4.6.RELEASE\spring-cloud-netflix-core-1.4.6.RELEASE.jar;F:\MyWorkSpace\mavenspace\bos_repository\org\springframework\cloud\spring-cloud-netflix-eureka-client\1.4.6.RELEASE\spring-cloud-netflix-eureka-client-1.4.6.RELEASE.jar;F:\MyWorkSpace\mavenspace\bos_repository\com\netflix\eureka\eureka-client\1.7.2\eureka-client-1.7.2.jar;F:\MyWorkSpace\mavenspace\bos_repository\org\codehaus\jettison\jettison\1.3.7\jettison-1.3.7.jar;F:\MyWorkSpace\mavenspace\bos_repository\stax\stax-api\1.0.1\stax-api-1.0.1.jar;F:\MyWorkSpace\mavenspace\bos_repository\com\netflix\netflix-commons\netflix-eventbus\0.3.0\netflix-eventbus-0.3.0.jar;F:\MyWorkSpace\mavenspace\bos_repository\com\netflix\netflix-commons\netflix-infix\0.3.0\netflix-infix-0.3.0.jar;F:\MyWorkSpace\mavenspace\bos_repository\commons-jxpath\commons-jxpath\1.3\commons-jxpath-1.3.jar;F:\MyWorkSpace\mavenspace\bos_repository\joda-time\joda-time\2.9.9\joda-time-2.9.9.jar;F:\MyWorkSpace\mavenspace\bos_repository\org\antlr\antlr-runtime\3.4\antlr-runtime-3.4.jar;F:\MyWorkSpace\mavenspace\bos_repository\org\antlr\stringtemplate\3.2.1\stringtemplate-3.2.1.jar;F:\MyWorkSpace\mavenspace\bos_repository\antlr\antlr\2.7.7\antlr-2.7.7.jar;F:\MyWorkSpace\mavenspace\bos_repository\com\google\code\gson\gson\2.8.5\gson-2.8.5.jar;F:\MyWorkSpace\mavenspace\bos_repository\org\apache\commons\commons-math\2.2\commons-math-2.2.jar;F:\MyWorkSpace\mavenspace\bos_repository\javax\ws\rs\jsr311-api\1.1.1\jsr311-api-1.1.1.jar;F:\MyWorkSpace\mavenspace\bos_repository\com\netflix\servo\servo-core\0.10.1\servo-core-0.10.1.jar;F:\MyWorkSpace\mavenspace\bos_repository\com\netflix\servo\servo-internal\0.10.1\servo-internal-0.10.1.jar;F:\MyWorkSpace\mavenspace\bos_repository\com\sun\jersey\jersey-core\1.19.1\jersey-core-1.19.1.jar;F:\MyWorkSpace\mavenspace\bos_repository\com\sun\jersey\jersey-client\1.19.1\jersey-client-1.19.1.jar;F:\MyWorkSpace\mavenspace\bos_repository\com\sun\jersey\contribs\jersey-apache-client4\1.19.1\jersey-apache-client4-1.19.1.jar;F:\MyWorkSpace\mavenspace\bos_repository\com\google\inject\guice\4.1.0\guice-4.1.0.jar;F:\MyWorkSpace\mavenspace\bos_repository\aopalliance\aopalliance\1.0\aopalliance-1.0.jar;F:\MyWorkSpace\mavenspace\bos_repository\com\sun\jersey\jersey-servlet\1.19.1\jersey-servlet-1.19.1.jar;F:\MyWorkSpace\mavenspace\bos_repository\com\sun\jersey\jersey-server\1.19.1\jersey-server-1.19.1.jar;F:\MyWorkSpace\mavenspace\bos_repository\com\netflix\eureka\eureka-core\1.7.2\eureka-core-1.7.2.jar;F:\MyWorkSpace\mavenspace\bos_repository\org\codehaus\woodstox\woodstox-core-asl\4.4.1\woodstox-core-asl-4.4.1.jar;F:\MyWorkSpace\mavenspace\bos_repository\javax\xml\stream\stax-api\1.0-2\stax-api-1.0-2.jar;F:\MyWorkSpace\mavenspace\bos_repository\com\netflix\archaius\archaius-core\0.7.4\archaius-core-0.7.4.jar;F:\MyWorkSpace\mavenspace\bos_repository\com\google\code\findbugs\jsr305\3.0.1\jsr305-3.0.1.jar;F:\MyWorkSpace\mavenspace\bos_repository\javax\inject\javax.inject\1\javax.inject-1.jar;F:\MyWorkSpace\mavenspace\bos_repository\com\fasterxml\jackson\dataformat\jackson-dataformat-xml\2.8.11\jackson-dataformat-xml-2.8.11.jar;F:\MyWorkSpace\mavenspace\bos_repository\com\fasterxml\jackson\module\jackson-module-jaxb-annotations\2.8.11\jackson-module-jaxb-annotations-2.8.11.jar;F:\MyWorkSpace\mavenspace\bos_repository\org\codehaus\woodstox\stax2-api\3.1.4\stax2-api-3.1.4.jar;F:\MyWorkSpace\mavenspace\bos_repository\com\fasterxml\woodstox\woodstox-core\5.0.3\woodstox-core-5.0.3.jar;F:\MyWorkSpace\mavenspace\bos_repository\com\thoughtworks\xstream\xstream\1.4.10\xstream-1.4.10.jar;F:\MyWorkSpace\mavenspace\bos_repository\xmlpull\xmlpull\1.1.3.1\xmlpull-1.1.3.1.jar;F:\MyWorkSpace\mavenspace\bos_repository\xpp3\xpp3_min\1.1.4c\xpp3_min-1.1.4c.jar;F:\MyWorkSpace\mavenspace\bos_repository\org\springframework\cloud\spring-cloud-starter-netflix-archaius\1.4.6.RELEASE\spring-cloud-starter-netflix-archaius-1.4.6.RELEASE.jar;F:\MyWorkSpace\mavenspace\bos_repository\commons-configuration\commons-configuration\1.8\commons-configuration-1.8.jar;F:\MyWorkSpace\mavenspace\bos_repository\commons-lang\commons-lang\2.6\commons-lang-2.6.jar;F:\MyWorkSpace\mavenspace\bos_repository\com\google\guava\guava\18.0\guava-18.0.jar;F:\MyWorkSpace\mavenspace\bos_repository\org\springframework\cloud\spring-cloud-starter-netflix-ribbon\1.4.6.RELEASE\spring-cloud-starter-netflix-ribbon-1.4.6.RELEASE.jar;F:\MyWorkSpace\mavenspace\bos_repository\com\netflix\ribbon\ribbon\2.2.5\ribbon-2.2.5.jar;F:\MyWorkSpace\mavenspace\bos_repository\com\netflix\ribbon\ribbon-transport\2.2.5\ribbon-transport-2.2.5.jar;F:\MyWorkSpace\mavenspace\bos_repository\io\reactivex\rxnetty-contexts\0.4.9\rxnetty-contexts-0.4.9.jar;F:\MyWorkSpace\mavenspace\bos_repository\io\reactivex\rxnetty-servo\0.4.9\rxnetty-servo-0.4.9.jar;F:\MyWorkSpace\mavenspace\bos_repository\io\reactivex\rxnetty\0.4.9\rxnetty-0.4.9.jar;F:\MyWorkSpace\mavenspace\bos_repository\com\netflix\ribbon\ribbon-core\2.2.5\ribbon-core-2.2.5.jar;F:\MyWorkSpace\mavenspace\bos_repository\com\netflix\ribbon\ribbon-httpclient\2.2.5\ribbon-httpclient-2.2.5.jar;F:\MyWorkSpace\mavenspace\bos_repository\commons-collections\commons-collections\3.2.2\commons-collections-3.2.2.jar;F:\MyWorkSpace\mavenspace\bos_repository\com\netflix\netflix-commons\netflix-commons-util\0.1.1\netflix-commons-util-0.1.1.jar;F:\MyWorkSpace\mavenspace\bos_repository\com\netflix\ribbon\ribbon-loadbalancer\2.2.5\ribbon-loadbalancer-2.2.5.jar;F:\MyWorkSpace\mavenspace\bos_repository\com\netflix\netflix-commons\netflix-statistics\0.1.1\netflix-statistics-0.1.1.jar;F:\MyWorkSpace\mavenspace\bos_repository\io\reactivex\rxjava\1.2.0\rxjava-1.2.0.jar;F:\MyWorkSpace\mavenspace\bos_repository\com\netflix\ribbon\ribbon-eureka\2.2.5\ribbon-eureka-2.2.5.jar;F:\MyWorkSpace\mavenspace\bos_repository\org\slf4j\slf4j-api\1.7.25\slf4j-api-1.7.25.jar;F:\MyWorkSpace\mavenspace\bos_repository\org\springframework\boot\spring-boot-devtools\1.5.18.RELEASE\spring-boot-devtools-1.5.18.RELEASE.jar;F:\MyWorkSpace\mavenspace\bos_repository\org\springframework\boot\spring-boot\1.5.18.RELEASE\spring-boot-1.5.18.RELEASE.jar;F:\MyWorkSpace\mavenspace\bos_repository\org\springframework\boot\spring-boot-autoconfigure\1.5.18.RELEASE\spring-boot-autoconfigure-1.5.18.RELEASE.jar;F:\MyWorkSpace\mavenspace\bos_repository\org\springframework\boot\spring-boot-starter-test\1.5.18.RELEASE\spring-boot-starter-test-1.5.18.RELEASE.jar;F:\MyWorkSpace\mavenspace\bos_repository\org\springframework\boot\spring-boot-test\1.5.18.RELEASE\spring-boot-test-1.5.18.RELEASE.jar;F:\MyWorkSpace\mavenspace\bos_repository\org\springframework\boot\spring-boot-test-autoconfigure\1.5.18.RELEASE\spring-boot-test-autoconfigure-1.5.18.RELEASE.jar;F:\MyWorkSpace\mavenspace\bos_repository\com\jayway\jsonpath\json-path\2.2.0\json-path-2.2.0.jar;F:\MyWorkSpace\mavenspace\bos_repository\net\minidev\json-smart\2.2.1\json-smart-2.2.1.jar;F:\MyWorkSpace\mavenspace\bos_repository\net\minidev\accessors-smart\1.1\accessors-smart-1.1.jar;F:\MyWorkSpace\mavenspace\bos_repository\org\assertj\assertj-core\2.6.0\assertj-core-2.6.0.jar;F:\MyWorkSpace\mavenspace\bos_repository\org\mockito\mockito-core\1.10.19\mockito-core-1.10.19.jar;F:\MyWorkSpace\mavenspace\bos_repository\org\objenesis\objenesis\2.1\objenesis-2.1.jar;F:\MyWorkSpace\mavenspace\bos_repository\org\hamcrest\hamcrest-library\1.3\hamcrest-library-1.3.jar;F:\MyWorkSpace\mavenspace\bos_repository\org\skyscreamer\jsonassert\1.4.0\jsonassert-1.4.0.jar;F:\MyWorkSpace\mavenspace\bos_repository\com\vaadin\external\google\android-json\0.0.20131108.vaadin1\android-json-0.0.20131108.vaadin1.jar;F:\MyWorkSpace\mavenspace\bos_repository\org\springframework\spring-core\4.3.21.RELEASE\spring-core-4.3.21.RELEASE.jar;F:\MyWorkSpace\mavenspace\bos_repository\org\springframework\spring-test\4.3.21.RELEASE\spring-test-4.3.21.RELEASE.jar;F:\MyWorkSpace\mavenspace\bos_repository\org\mybatis\spring\boot\mybatis-spring-boot-starter\1.3.2\mybatis-spring-boot-starter-1.3.2.jar;F:\MyWorkSpace\mavenspace\bos_repository\org\springframework\boot\spring-boot-starter-jdbc\1.5.18.RELEASE\spring-boot-starter-jdbc-1.5.18.RELEASE.jar;F:\MyWorkSpace\mavenspace\bos_repository\org\apache\tomcat\tomcat-jdbc\8.5.35\tomcat-jdbc-8.5.35.jar;F:\MyWorkSpace\mavenspace\bos_repository\org\apache\tomcat\tomcat-juli\8.5.35\tomcat-juli-8.5.35.jar;F:\MyWorkSpace\mavenspace\bos_repository\org\springframework\spring-jdbc\4.3.21.RELEASE\spring-jdbc-4.3.21.RELEASE.jar;F:\MyWorkSpace\mavenspace\bos_repository\org\springframework\spring-tx\4.3.21.RELEASE\spring-tx-4.3.21.RELEASE.jar;F:\MyWorkSpace\mavenspace\bos_repository\org\mybatis\spring\boot\mybatis-spring-boot-autoconfigure\1.3.2\mybatis-spring-boot-autoconfigure-1.3.2.jar;F:\MyWorkSpace\mavenspace\bos_repository\org\mybatis\mybatis\3.4.6\mybatis-3.4.6.jar;F:\MyWorkSpace\mavenspace\bos_repository\org\mybatis\mybatis-spring\1.3.2\mybatis-spring-1.3.2.jar;F:\MyWorkSpace\mavenspace\bos_repository\mysql\mysql-connector-java\5.1.47\mysql-connector-java-5.1.47.jar;F:\MyWorkSpace\mavenspace\bos_repository\com\alibaba\druid\1.1.10\druid-1.1.10.jar;F:\MyWorkSpace\mavenspace\bos_repository\org\springframework\cloud\spring-cloud-starter-hystrix\1.4.6.RELEASE\spring-cloud-starter-hystrix-1.4.6.RELEASE.jar;F:\MyWorkSpace\mavenspace\bos_repository\org\springframework\cloud\spring-cloud-starter-netflix-hystrix\1.4.6.RELEASE\spring-cloud-starter-netflix-hystrix-1.4.6.RELEASE.jar;F:\MyWorkSpace\mavenspace\bos_repository\com\netflix\hystrix\hystrix-core\1.5.12\hystrix-core-1.5.12.jar;F:\MyWorkSpace\mavenspace\bos_repository\org\hdrhistogram\HdrHistogram\2.1.9\HdrHistogram-2.1.9.jar;F:\MyWorkSpace\mavenspace\bos_repository\com\netflix\hystrix\hystrix-metrics-event-stream\1.5.12\hystrix-metrics-event-stream-1.5.12.jar;F:\MyWorkSpace\mavenspace\bos_repository\com\netflix\hystrix\hystrix-serialization\1.5.12\hystrix-serialization-1.5.12.jar;F:\MyWorkSpace\mavenspace\bos_repository\com\fasterxml\jackson\module\jackson-module-afterburner\2.8.11\jackson-module-afterburner-2.8.11.jar;F:\MyWorkSpace\mavenspace\bos_repository\com\netflix\hystrix\hystrix-javanica\1.5.12\hystrix-javanica-1.5.12.jar;F:\MyWorkSpace\mavenspace\bos_repository\org\ow2\asm\asm\5.0.4\asm-5.0.4.jar;F:\MyWorkSpace\mavenspace\bos_repository\org\aspectj\aspectjweaver\1.8.13\aspectjweaver-1.8.13.jar;F:\MyWorkSpace\mavenspace\bos_repository\org\springframework\cloud\spring-cloud-starter-hystrix-dashboard\1.4.6.RELEASE\spring-cloud-starter-hystrix-dashboard-1.4.6.RELEASE.jar;F:\MyWorkSpace\mavenspace\bos_repository\org\springframework\cloud\spring-cloud-starter-netflix-hystrix-dashboard\1.4.6.RELEASE\spring-cloud-starter-netflix-hystrix-dashboard-1.4.6.RELEASE.jar;F:\MyWorkSpace\mavenspace\bos_repository\org\springframework\cloud\spring-cloud-netflix-hystrix-dashboard\1.4.6.RELEASE\spring-cloud-netflix-hystrix-dashboard-1.4.6.RELEASE.jar;F:\MyWorkSpace\mavenspace\bos_repository\org\webjars\jquery\2.1.1\jquery-2.1.1.jar;F:\MyWorkSpace\mavenspace\bos_repository\org\webjars\d3js\3.4.11\d3js-3.4.11.jar;F:\MyWorkSpace\mavenspace\bos_repository\org\springframework\boot\spring-boot-starter-actuator\1.5.18.RELEASE\spring-boot-starter-actuator-1.5.18.RELEASE.jar;F:\MyWorkSpace\mavenspace\bos_repository\org\springframework\boot\spring-boot-actuator\1.5.18.RELEASE\spring-boot-actuator-1.5.18.RELEASE.jar;F:\MyWorkSpace\mavenspace\bos_repository\org\apache\commons\commons-lang3\3.6\commons-lang3-3.6.jar;F:\MyWorkSpace\mavenspace\bos_repository\org\springframework\boot\spring-boot-starter-thymeleaf\1.5.18.RELEASE\spring-boot-starter-thymeleaf-1.5.18.RELEASE.jar;F:\MyWorkSpace\mavenspace\bos_repository\org\thymeleaf\thymeleaf-spring4\3.0.7.RELEASE\thymeleaf-spring4-3.0.7.RELEASE.jar;F:\MyWorkSpace\mavenspace\bos_repository\org\thymeleaf\thymeleaf\3.0.7.RELEASE\thymeleaf-3.0.7.RELEASE.jar;F:\MyWorkSpace\mavenspace\bos_repository\org\attoparser\attoparser\2.0.4.RELEASE\attoparser-2.0.4.RELEASE.jar;F:\MyWorkSpace\mavenspace\bos_repository\org\unbescape\unbescape\1.1.5.RELEASE\unbescape-1.1.5.RELEASE.jar;F:\MyWorkSpace\mavenspace\bos_repository\nz\net\ultraq\thymeleaf\thymeleaf-layout-dialect\2.2.2\thymeleaf-layout-dialect-2.2.2.jar;F:\MyWorkSpace\mavenspace\bos_repository\nz\net\ultraq\thymeleaf\thymeleaf-expression-processor\1.1.3\thymeleaf-expression-processor-1.1.3.jar;F:\MyWorkSpace\mavenspace\bos_repository\org\codehaus\groovy\groovy\2.4.15\groovy-2.4.15.jar;"/>
    <property name="sun.cpu.endian" value="little"/>
    <property name="user.home" value="C:\Users\Cy"/>
    <property name="user.language" value="zh"/>
    <property name="java.specification.vendor" value="Oracle Corporation"/>
    <property name="java.home" value="D:\java\jdk1.8.0_121\jre"/>
    <property name="basedir" value="F:\MyWorkSpace\eclipse-workspace2\ict-manage\ict-manage-questionbank"/>
    <property name="file.separator" value="\"/>
    <property name="line.separator" value="&#10;"/>
    <property name="java.vm.specification.vendor" value="Oracle Corporation"/>
    <property name="java.specification.name" value="Java Platform API Specification"/>
    <property name="java.awt.graphicsenv" value="sun.awt.Win32GraphicsEnvironment"/>
    <property name="surefire.real.class.path" value="C:\Users\Cy\AppData\Local\Temp\surefire4908858420255644734\surefirebooter1524441044768485306.jar"/>
    <property name="sun.boot.class.path" value="D:\java\jdk1.8.0_121\jre\lib\resources.jar;D:\java\jdk1.8.0_121\jre\lib\rt.jar;D:\java\jdk1.8.0_121\jre\lib\sunrsasign.jar;D:\java\jdk1.8.0_121\jre\lib\jsse.jar;D:\java\jdk1.8.0_121\jre\lib\jce.jar;D:\java\jdk1.8.0_121\jre\lib\charsets.jar;D:\java\jdk1.8.0_121\jre\lib\jfr.jar;D:\java\jdk1.8.0_121\jre\classes"/>
    <property name="user.script" value=""/>
    <property name="sun.management.compiler" value="HotSpot 64-Bit Tiered Compilers"/>
    <property name="java.runtime.version" value="1.8.0_121-b13"/>
    <property name="user.name" value="Cy"/>
    <property name="path.separator" value=";"/>
    <property name="os.version" value="6.1"/>
    <property name="java.endorsed.dirs" value="D:\java\jdk1.8.0_121\jre\lib\endorsed"/>
    <property name="java.runtime.name" value="Java(TM) SE Runtime Environment"/>
    <property name="file.encoding" value="GBK"/>
    <property name="java.vm.name" value="Java HotSpot(TM) 64-Bit Server VM"/>
    <property name="localRepository" value="F:\MyWorkSpace\mavenspace\bos_repository"/>
    <property name="java.vendor.url.bug" value="http://bugreport.sun.com/bugreport/"/>
    <property name="java.io.tmpdir" value="C:\Users\Cy\AppData\Local\Temp\"/>
    <property name="java.version" value="1.8.0_121"/>
    <property name="user.dir" value="F:\MyWorkSpace\eclipse-workspace2\ict-manage\ict-manage-questionbank"/>
    <property name="os.arch" value="amd64"/>
    <property name="java.vm.specification.name" value="Java Virtual Machine Specification"/>
    <property name="java.awt.printerjob" value="sun.awt.windows.WPrinterJob"/>
    <property name="sun.os.patch.level" value="Service Pack 1"/>
    <property name="java.library.path" value="D:\java\jdk1.8.0_121\jre\bin;C:\Windows\Sun\Java\bin;C:\Windows\system32;C:\Windows;D:/java/jdk1.8.0_121/bin/../jre/bin/server;D:/java/jdk1.8.0_121/bin/../jre/bin;D:/java/jdk1.8.0_121/bin/../jre/lib/amd64;.;D:\java\jdk1.8.0_121\bin;D:\java\jdk1.8.0_121\jre\bin;C:\ProgramData\Oracle\Java\javapath;C:\Windows\system32;C:\Windows;C:\Windows\System32\Wbem;C:\Windows\System32\WindowsPowerShell\v1.0\;C:\Program Files (x86)\ATI Technologies\ATI.ACE\Core-Static;F:\MyWorkSpace\mavenspace\apache-maven-3.5.4\bin;F:\CommonTools\Mysql_BS\mysql-5.7.20-winx64\bin;D:\Program Files (x86)\SSHshell;F:\CommonTools\eclipse3;;."/>
    <property name="java.vm.info" value="mixed mode"/>
    <property name="java.vendor" value="Oracle Corporation"/>
    <property name="java.vm.version" value="25.121-b13"/>
    <property name="java.ext.dirs" value="D:\java\jdk1.8.0_121\jre\lib\ext;C:\Windows\Sun\Java\lib\ext"/>
    <property name="sun.io.unicode.encoding" value="UnicodeLittle"/>
    <property name="java.class.version" value="52.0"/>
  </properties>
  <testcase name="shouldAnswerWithTrue" classname="com.dhcc.ict.manage.questionbank.QuestionBankApplicationTest" time="0.002"/>
</testsuite>